
[Mottisfont:logen/examples/experiments] leuschel% logen picsim2.pl "test(a)"
 % Generating GX File
 % done
 % Finished running cogen in 257.8789999844948 ms (runtime)
 % Compiling GX File
{Reading /Users/leuschel/svn_root/logen/examples/experiments/picsim2.pl.gx
WARNING: (lns 1173-1173) clauses of retrievedata_u/7 are discontiguous
WARNING: (lns 1176-1178) clauses of updatedata_u/8 are discontiguous
....
        fail.
/* Specialisation time 145.7509999912366 ms (runtime) */


[Mottisfont:logen/examples/experiments] leuschel% logen picsim2.pl "test(a)" -w
 % Generating GX File
 % done
 % Finished running cogen in 389.7449999765663 ms (runtime)
 % Compiling GX File
{Reading /Users/leuschel/svn_root/logen/examples/experiments/picsim2.pl.gx
WARNING: (lns 3847-3847) clauses of retrievedata_u/7 are discontiguous
WARNING: (lns 3850-3864) clauses of updatedata_u/8 are discontiguous
}


/* execute([pic(0,rvec,5,0),pic(5,movlw,5,0),pic(6,movwf,32,0),pic(7,movwf,32,0),pic(8,movwf,32,0),pic(9,movf,33,0),pic(10,movf,33,0),pic(11,movf,34,0),pic(12,movwf,34,0),pic(13,movwf,35,0),pic(14,movf,35,0),pic(15,nop,0,0)],[1-(F,G),2-(H,I),3-(J,K),4-(L,M),5-(N,O),6-(P,Q),7-(R,S),8-(T,U),9-(V,W),10-([0],[r(-1,-1)]),11-(X,Y),12-(Z,A1),13-(B1,C1),14-(D1,E1),15-(F1,G1),16-(H1,I1),17-(J1,K1),18-(L1,M1),19-(N1,O1),20-(P1,Q1),21-(R1,S1),22-(T1,U1),23-(V1,W1),24-(X1,Y1),25-(Z1,A2),26-(B2,C2),27-(D2,E2),28-(F2,G2),32-(H2,I2),33-(J2,K2),34-(L2,M2),35-(N2,O2)],A,B,16,C,D,E) :- execute__13(O2,N2,M2,L2,K2,J2,I2,H2,G2,F2,E2,D2,C2,B2,A2,Z1,Y1,X1,W1,V1,U1,T1,S1,R1,Q1,P1,O1,N1,M1,L1,K1,J1,I1,H1,G1,F1,E1,D1,C1,B1,A1,Z,Y,X,F,G,H,I,J,K,L,M,N,O,P,Q,R,S,T,U,V,W,A,B,C,D,E). */
execute__13(_,_,_,_,_,_,_,_,_,_,_,_,_,_,_,_,_,_,_,_,_,_,_,_,_,_,_,_,_,_,_,_,_,_,_,_,_,_,_,_,_,_,_,_,_,_,_,_,_,_,_,_,_,_,_,_,_,_,_,_,_,_,_,_,_,_,_) :-
        fail.
/* Specialisation time 1999.350999807051 ms (runtime) */
