ready('/var/tmp/sp_tmpnam_zS6uwe').
query(what_to_do_today(first_of_may,windy,_), iterations(1000000)).
original-bench(600,1000000,4098).
starting([unfold,unfold,unfold,unfold], [dynamic,dynamic,dynamic,dynamic,static,static,dynamic,dynamic,dynamic,dynamic]).
mutations(5).
hit(1).
hit(2).
hit(3).
hit(4).
hit(5).
mutations(12).
hit(6).
hit(7).
hit(8).
hit(9).
hit(10).
hit(11).
mutations(10).
hit(12).
hit(13).
hit(14).
completed(walltime, 20290).
ready('/var/tmp/sp_tmpnam_zS6uwe').
query(what_to_do_today(first_of_may,windy,_), iterations(0)).
original-bench(0,0,4098).
starting([unfold,unfold,unfold,unfold], [dynamic,dynamic,dynamic,dynamic,static,static,dynamic,dynamic,dynamic,dynamic]).
mutations(5).
hit(1).
hit(2).
hit(3).
hit(4).
hit(5).
mutations(12).
hit(6).
hit(7).
hit(8).
hit(9).
hit(10).
hit(11).
mutations(9).
hit(12).
hit(13).
hit(14).
hit(15).
mutations(6).
hit(16).
mutations(5).
completed(walltime, 12400).
ready('/var/tmp/sp_tmpnam_zS6uwe').
query(what_to_do_today(first_of_may,windy,_), iterations(1000000)).
original-bench(670,1000000,4098).
starting([unfold,unfold,unfold,unfold], [dynamic,dynamic,dynamic,dynamic,static,static,dynamic,dynamic,dynamic,dynamic]).
mutations(5).
hit(1).
hit(2).
hit(3).
hit(4).
hit(5).
mutations(12).
hit(6).
hit(7).
hit(8).
hit(9).
hit(10).
hit(11).
mutations(9).
hit(12).
hit(13).
hit(14).
hit(15).
mutations(8).
hit(16).
completed(walltime, 23580).


 Testing advisor with score function time, completed in 20290ms tried 14 mutations with answers:
ann([unfold,memo,unfold,memo],[dynamic,dynamic,dynamic,dynamic,static,dynamic,dynamic,dynamic,dynamic,dynamic])-bench(400,1000000,5919).
ann([unfold,unfold,unfold,memo],[dynamic,dynamic,dynamic,dynamic,static,static,dynamic,dynamic,dynamic,dynamic])-bench(410,1000000,10620).
ann([unfold,memo,memo,unfold],[dynamic,dynamic,dynamic,dynamic,static,dynamic,dynamic,dynamic,dynamic,dynamic])-bench(420,1000000,5376).


 Testing advisor with score function size, completed in 12400ms tried 16 mutations with answers:
ann([memo,memo,memo,memo],[dynamic,dynamic,dynamic,dynamic,dynamic,dynamic,dynamic,dynamic,dynamic,dynamic])-bench(0,0,4098).
ann([memo,unfold,memo,memo],[dynamic,dynamic,dynamic,dynamic,dynamic,static,dynamic,dynamic,dynamic,dynamic])-bench(0,0,4489).
ann([unfold,memo,memo,memo],[dynamic,dynamic,dynamic,dynamic,static,dynamic,dynamic,dynamic,dynamic,dynamic])-bench(0,0,4784).


 Testing advisor with score function size_time, completed in 23580ms tried 16 mutations with answers:
ann([unfold,memo,memo,memo],[dynamic,dynamic,dynamic,dynamic,static,dynamic,dynamic,dynamic,dynamic,dynamic])-bench(440,1000000,4784).
ann([unfold,memo,memo,unfold],[dynamic,dynamic,dynamic,dynamic,static,dynamic,dynamic,dynamic,dynamic,dynamic])-bench(410,1000000,5376).
ann([unfold,memo,unfold,memo],[dynamic,dynamic,dynamic,dynamic,static,dynamic,dynamic,dynamic,dynamic,dynamic])-bench(390,1000000,5919).
ready('/var/tmp/sp_tmpnam_zS6uwe').
query(match([a,a,c],[a,a,a,a,a,a,a,a,a,a,a,a,a,a,d,a,a,a,a,c]), iterations(100000)).
original-bench(780,100000,1037).
starting([unfold,rescall,memo,unfold], [static,dynamic,static,dynamic,static,dynamic]).
mutations(4).
hit(1).
hit(2).
hit(3).
hit(4).
mutations(10).
hit(5).
hit(6).
hit(7).
completed(walltime, 7560).
ready('/var/tmp/sp_tmpnam_zS6uwe').
query(match([a,a,c],[a,a,a,a,a,a,a,a,a,a,a,a,a,a,d,a,a,a,a,c]), iterations(0)).
original-bench(0,0,1037).
starting([unfold,rescall,memo,unfold], [static,dynamic,static,dynamic,static,dynamic]).
mutations(4).
hit(1).
hit(2).
hit(3).
hit(4).
mutations(10).
hit(5).
hit(6).
hit(7).
mutations(7).
hit(8).
mutations(6).
completed(walltime, 4850).
ready('/var/tmp/sp_tmpnam_zS6uwe').
query(match([a,a,c],[a,a,a,a,a,a,a,a,a,a,a,a,a,a,d,a,a,a,a,c]), iterations(100000)).
original-bench(760,100000,1037).
starting([unfold,rescall,memo,unfold], [static,dynamic,static,dynamic,static,dynamic]).
mutations(4).
hit(1).
hit(2).
hit(3).
hit(4).
mutations(10).
hit(5).
hit(6).
hit(7).
mutations(9).
hit(8).
completed(walltime, 8780).


 Testing match with score function time, completed in 7560ms tried 7 mutations with answers:
ann([unfold,rescall,memo,unfold],[static,dynamic,static,dynamic,static,dynamic])-bench(450,100000,2215).
ann([memo,rescall,memo,unfold],[static,dynamic,static,dynamic,static,dynamic])-bench(460,100000,1487).
ann([unfold,rescall,memo,memo],[static,dynamic,static,dynamic,static,dynamic])-bench(490,100000,2204).


 Testing match with score function size, completed in 4850ms tried 8 mutations with answers:
ann([memo,rescall,memo,memo],[dynamic,dynamic,static,dynamic,static,dynamic])-bench(0,0,1248).
ann([memo,rescall,memo,unfold],[static,dynamic,static,dynamic,static,dynamic])-bench(0,0,1487).
ann([unfold,rescall,memo,memo],[dynamic,dynamic,static,dynamic,static,dynamic])-bench(0,0,1512).


 Testing match with score function size_time, completed in 8780ms tried 8 mutations with answers:
ann([memo,rescall,memo,unfold],[static,dynamic,static,dynamic,static,dynamic])-bench(450,100000,1487).
ann([memo,rescall,memo,memo],[static,dynamic,static,dynamic,static,dynamic])-bench(490,100000,1955).
ann([unfold,rescall,memo,unfold],[static,dynamic,static,dynamic,static,dynamic])-bench(460,100000,2215).
ready('/var/tmp/sp_tmpnam_zS6uwe').
query(test(h,[a,b,c,d,e,f,g,h]), iterations(500000)).
original-bench(820,500000,1453).
starting([unfold,unfold,unfold,memo,unfold], [dynamic,(type list(static)),dynamic,static,dynamic,dynamic,(type list(static)),dynamic,dynamic]).
mutations(7).
hit(1).
hit(2).
hit(3).
hit(4).
hit(5).
hit(6).
hit(7).
mutations(19).
hit(8).
hit(9).
hit(10).
hit(11).
hit(12).
hit(13).
hit(14).
hit(15).
hit(16).
mutations(18).
hit(17).
hit(18).
hit(19).
hit(20).
completed(walltime, 25460).
ready('/var/tmp/sp_tmpnam_zS6uwe').
query(test(h,[a,b,c,d,e,f,g,h]), iterations(0)).
original-bench(0,0,1453).
starting([unfold,unfold,unfold,memo,unfold], [dynamic,(type list(static)),dynamic,static,dynamic,dynamic,(type list(static)),dynamic,dynamic]).
mutations(7).
hit(1).
hit(2).
hit(3).
hit(4).
hit(5).
hit(6).
hit(7).
mutations(16).
hit(8).
hit(9).
hit(10).
hit(11).
hit(12).
hit(13).
hit(14).
hit(15).
hit(16).
mutations(13).
hit(17).
hit(18).
hit(19).
hit(20).
hit(21).
hit(22).
hit(23).
mutations(12).
hit(24).
hit(25).
mutations(7).
hit(26).
mutations(6).
completed(walltime, 25390).
ready('/var/tmp/sp_tmpnam_zS6uwe').
query(test(h,[a,b,c,d,e,f,g,h]), iterations(500000)).
original-bench(810,500000,1453).
starting([unfold,unfold,unfold,memo,unfold], [dynamic,(type list(static)),dynamic,static,dynamic,dynamic,(type list(static)),dynamic,dynamic]).
mutations(7).
hit(1).
hit(2).
hit(3).
hit(4).
hit(5).
hit(6).
hit(7).
mutations(16).
hit(8).
hit(9).
hit(10).
hit(11).
hit(12).
hit(13).
hit(14).
hit(15).
hit(16).
mutations(14).
hit(17).
hit(18).
hit(19).
hit(20).
hit(21).
completed(walltime, 31520).


 Testing member_glob with score function time, completed in 25460ms tried 20 mutations with answers:
ann([unfold,unfold,memo,memo,unfold],[dynamic,(type list(static)),dynamic,static,dynamic,dynamic,(type list(static)),dynamic,dynamic])-bench(370,500000,3792).
ann([unfold,unfold,unfold,memo,unfold],[dynamic,(type list(static)),dynamic,static,dynamic,dynamic,(type list(static)),dynamic,dynamic])-bench(390,500000,4712).
ann([memo,unfold,memo,memo,unfold],[dynamic,(type list(static)),dynamic,static,dynamic,dynamic,(type list(static)),dynamic,dynamic])-bench(400,500000,3942).


 Testing member_glob with score function size, completed in 25390ms tried 26 mutations with answers:
ann([unfold,memo,memo,memo,memo],[dynamic,dynamic,dynamic,dynamic,dynamic,dynamic,dynamic,dynamic,dynamic])-bench(0,0,1289).
ann([unfold,unfold,memo,memo,memo],[dynamic,dynamic,dynamic,dynamic,dynamic,dynamic,dynamic,dynamic,dynamic])-bench(0,0,1390).
ann([memo,memo,memo,memo,memo],[dynamic,dynamic,dynamic,dynamic,dynamic,dynamic,dynamic,dynamic,dynamic])-bench(0,0,1453).


 Testing member_glob with score function size_time, completed in 31520ms tried 21 mutations with answers:
ann([unfold,unfold,memo,memo,unfold],[dynamic,(type list(static)),dynamic,dynamic,dynamic,dynamic,(type list(static)),dynamic,dynamic])-bench(440,500000,1637).
ann([unfold,unfold,memo,memo,unfold],[dynamic,dynamic,dynamic,dynamic,dynamic,dynamic,dynamic,dynamic,dynamic])-bench(470,500000,1637).
ann([unfold,memo,unfold,memo,unfold],[dynamic,(type list(static)),dynamic,dynamic,dynamic,dynamic,(type list(static)),dynamic,dynamic])-bench(460,500000,1769).
ready('/var/tmp/sp_tmpnam_zS6uwe').
query(match(*([a|b+c]),[a,c,a,b,a,c,a,b]), iterations(1000000)).
original-bench(3660,1000000,1620).
starting([unfold,call,unfold,unfold,unfold,unfold,memo], [static,dynamic,static,dynamic,dynamic]).
mutations(8).
hit(1).
hit(2).
hit(3).
hit(4).
hit(5).
hit(6).
hit(7).
hit(8).
mutations(22).
hit(9).
hit(10).
hit(11).
hit(12).
hit(13).
hit(14).
hit(15).
hit(16).
hit(17).
hit(18).
hit(19).
completed(walltime, 44290).
ready('/var/tmp/sp_tmpnam_zS6uwe').
query(match(*([a|b+c]),[a,c,a,b,a,c,a,b]), iterations(0)).
original-bench(0,0,1620).
starting([unfold,call,unfold,unfold,unfold,unfold,memo], [static,dynamic,static,dynamic,dynamic]).
mutations(8).
hit(1).
hit(2).
hit(3).
hit(4).
hit(5).
hit(6).
hit(7).
hit(8).
mutations(22).
hit(9).
hit(10).
hit(11).
hit(12).
hit(13).
hit(14).
hit(15).
hit(16).
hit(17).
hit(18).
hit(19).
mutations(21).
hit(20).
hit(21).
hit(22).
hit(23).
hit(24).
completed(walltime, 23170).
ready('/var/tmp/sp_tmpnam_zS6uwe').
query(match(*([a|b+c]),[a,c,a,b,a,c,a,b]), iterations(1000000)).
original-bench(3660,1000000,1620).
starting([unfold,call,unfold,unfold,unfold,unfold,memo], [static,dynamic,static,dynamic,dynamic]).
mutations(8).
hit(1).
hit(2).
hit(3).
hit(4).
hit(5).
hit(6).
hit(7).
hit(8).
mutations(22).
hit(9).
hit(10).
hit(11).
hit(12).
hit(13).
hit(14).
hit(15).
hit(16).
hit(17).
hit(18).
hit(19).
mutations(21).
hit(20).
hit(21).
hit(22).
hit(23).
hit(24).
completed(walltime, 57780).


 Testing regexp with score function time, completed in 44290ms tried 19 mutations with answers:
ann([unfold,call,unfold,unfold,unfold,unfold,memo],[static,dynamic,static,dynamic,dynamic])-bench(920,1000000,1417).
ann([memo,call,unfold,unfold,unfold,unfold,memo],[static,dynamic,static,dynamic,dynamic])-bench(940,1000000,1569).
ann([unfold,call,unfold,unfold,unfold,memo,memo],[static,dynamic,static,dynamic,dynamic])-bench(1170,1000000,1543).


 Testing regexp with score function size, completed in 23170ms tried 24 mutations with answers:
ann([unfold,call,unfold,unfold,unfold,unfold,memo],[static,dynamic,static,dynamic,dynamic])-bench(0,0,1417).
ann([memo,call,unfold,unfold,unfold,memo,memo],[static,dynamic,static,dynamic,dynamic])-bench(0,0,1462).
ann([unfold,call,unfold,unfold,unfold,memo,memo],[static,dynamic,static,dynamic,dynamic])-bench(0,0,1543).


 Testing regexp with score function size_time, completed in 57780ms tried 24 mutations with answers:
ann([unfold,call,unfold,unfold,unfold,unfold,memo],[static,dynamic,static,dynamic,dynamic])-bench(920,1000000,1417).
ann([memo,call,unfold,unfold,unfold,unfold,memo],[static,dynamic,static,dynamic,dynamic])-bench(890,1000000,1569).
ann([memo,call,unfold,unfold,unfold,memo,memo],[static,dynamic,static,dynamic,dynamic])-bench(1200,1000000,1462).
ready('/var/tmp/sp_tmpnam_zS6uwe').
query(go(_), iterations(100000)).
original-bench(3640,100000,6207).
starting([unfold,unfold,unfold,unfold,memo,unfold,unfold,unfold,memo,unfold,unfold,unfold,unfold,memo,call,unfold,unfold,unfold,call,unfold,call,unfold,unfold,call,unfold,rescall,memo,memo,rescall,memo,rescall,memo,memo,rescall,memo,rescall,unfold,memo,memo,memo,unfold,memo], [dynamic,dynamic,static,dynamic,nonvar,static,dynamic,dynamic,dynamic,nonvar,dynamic,dynamic,dynamic,dynamic,dynamic,dynamic,dynamic,dynamic,dynamic,nonvar,nonvar,static,dynamic,dynamic,dynamic,dynamic,dynamic,dynamic,dynamic,dynamic,dynamic,static,dynamic,dynamic]).
mutations(28).
hit(1).
hit(2).
hit(3).
hit(4).
hit(5).
hit(6).
hit(7).
hit(8).
hit(9).
hit(10).
hit(11).
hit(12).
hit(13).
hit(14).
hit(15).
hit(16).
hit(17).
hit(18).
hit(19).
hit(20).
hit(21).
hit(22).
hit(23).
hit(24).
hit(25).
hit(26).
hit(27).
hit(28).
mutations(78).
hit(29).
hit(30).
hit(31).
hit(32).
hit(33).
hit(34).
hit(35).
hit(36).
hit(37).
hit(38).
hit(39).
hit(40).
hit(41).
hit(42).
hit(43).
hit(44).
hit(45).
hit(46).
hit(47).
hit(48).
hit(49).
hit(50).
hit(51).
hit(52).
hit(53).
hit(54).
hit(55).
hit(56).
hit(57).
hit(58).
hit(59).
hit(60).
hit(61).
hit(62).
hit(63).
hit(64).
hit(65).
hit(66).
hit(67).
hit(68).
hit(69).
hit(70).
hit(71).
hit(72).
hit(73).
hit(74).
hit(75).
hit(76).
hit(77).
hit(78).
hit(79).
hit(80).
hit(81).
hit(82).
hit(83).
hit(84).
hit(85).
hit(86).
hit(87).
hit(88).
hit(89).
hit(90).
hit(91).
hit(92).
hit(93).
hit(94).
hit(95).
hit(96).
hit(97).
hit(98).
hit(99).
hit(100).
mutations(75).
hit(101).
hit(102).
hit(103).
hit(104).
hit(105).
hit(106).
hit(107).
hit(108).
hit(109).
hit(110).
hit(111).
hit(112).
hit(113).
hit(114).
hit(115).
hit(116).
hit(117).
hit(118).
hit(119).
hit(120).
hit(121).
hit(122).
hit(123).
hit(124).
hit(125).
hit(126).
hit(127).
hit(128).
hit(129).
hit(130).
hit(131).
hit(132).
hit(133).
hit(134).
hit(135).
hit(136).
hit(137).
hit(138).
hit(139).
hit(140).
hit(141).
hit(142).
hit(143).
hit(144).
hit(145).
hit(146).
hit(147).
hit(148).
hit(149).
hit(150).
hit(151).
hit(152).
hit(153).
hit(154).
hit(155).
hit(156).
hit(157).
hit(158).
hit(159).
hit(160).
hit(161).
hit(162).
hit(163).
hit(164).
hit(165).
hit(166).
hit(167).
hit(168).
hit(169).
hit(170).
mutations(72).
hit(171).
hit(172).
hit(173).
hit(174).
hit(175).
hit(176).
hit(177).
hit(178).
hit(179).
hit(180).
hit(181).
hit(182).
hit(183).
hit(184).
hit(185).
hit(186).
hit(187).
hit(188).
hit(189).
hit(190).
hit(191).
hit(192).
hit(193).
hit(194).
hit(195).
hit(196).
hit(197).
hit(198).
hit(199).
hit(200).
hit(201).
hit(202).
hit(203).
hit(204).
hit(205).
hit(206).
hit(207).
hit(208).
hit(209).
hit(210).
hit(211).
hit(212).
hit(213).
hit(214).
hit(215).
hit(216).
hit(217).
hit(218).
hit(219).
hit(220).
hit(221).
hit(222).
hit(223).
hit(224).
hit(225).
hit(226).
hit(227).
hit(228).
hit(229).
hit(230).
hit(231).
hit(232).
hit(233).
hit(234).
hit(235).
hit(236).
mutations(69).
hit(237).
hit(238).
hit(239).
hit(240).
hit(241).
hit(242).
hit(243).
hit(244).
hit(245).
hit(246).
hit(247).
hit(248).
hit(249).
hit(250).
hit(251).
hit(252).
hit(253).
hit(254).
hit(255).
hit(256).
hit(257).
hit(258).
hit(259).
hit(260).
hit(261).
hit(262).
hit(263).
hit(264).
hit(265).
hit(266).
hit(267).
hit(268).
hit(269).
hit(270).
hit(271).
hit(272).
hit(273).
hit(274).
hit(275).
hit(276).
hit(277).
hit(278).
hit(279).
hit(280).
hit(281).
hit(282).
hit(283).
hit(284).
hit(285).
hit(286).
hit(287).
hit(288).
hit(289).
hit(290).
hit(291).
hit(292).
hit(293).
hit(294).
hit(295).
hit(296).
hit(297).
hit(298).
hit(299).
mutations(66).
hit(300).
hit(301).
hit(302).
hit(303).
hit(304).
hit(305).
hit(306).
hit(307).
hit(308).
hit(309).
hit(310).
hit(311).
hit(312).
hit(313).
hit(314).
hit(315).
hit(316).
hit(317).
hit(318).
hit(319).
hit(320).
hit(321).
hit(322).
hit(323).
hit(324).
hit(325).
hit(326).
hit(327).
hit(328).
hit(329).
hit(330).
hit(331).
hit(332).
hit(333).
hit(334).
hit(335).
hit(336).
hit(337).
hit(338).
hit(339).
hit(340).
hit(341).
hit(342).
hit(343).
hit(344).
hit(345).
hit(346).
hit(347).
hit(348).
hit(349).
hit(350).
hit(351).
hit(352).
hit(353).
hit(354).
hit(355).
hit(356).
hit(357).
hit(358).
hit(359).
mutations(65).
hit(360).
hit(361).
hit(362).
hit(363).
hit(364).
hit(365).
hit(366).
hit(367).
hit(368).
hit(369).
hit(370).
hit(371).
hit(372).
hit(373).
hit(374).
hit(375).
hit(376).
hit(377).
hit(378).
hit(379).
completed(walltime, 1567480).
ready('/var/tmp/sp_tmpnam_zS6uwe').
query(go(_), iterations(0)).
original-bench(0,0,6207).
starting([unfold,unfold,unfold,unfold,memo,unfold,unfold,unfold,memo,unfold,unfold,unfold,unfold,memo,call,unfold,unfold,unfold,call,unfold,call,unfold,unfold,call,unfold,rescall,memo,memo,rescall,memo,rescall,memo,memo,rescall,memo,rescall,unfold,memo,memo,memo,unfold,memo], [dynamic,dynamic,static,dynamic,nonvar,static,dynamic,dynamic,dynamic,nonvar,dynamic,dynamic,dynamic,dynamic,dynamic,dynamic,dynamic,dynamic,dynamic,nonvar,nonvar,static,dynamic,dynamic,dynamic,dynamic,dynamic,dynamic,dynamic,dynamic,dynamic,static,dynamic,dynamic]).
mutations(28).
hit(1).
hit(2).
hit(3).
hit(4).
hit(5).
hit(6).
hit(7).
hit(8).
hit(9).
hit(10).
hit(11).
hit(12).
hit(13).
hit(14).
hit(15).
hit(16).
hit(17).
hit(18).
hit(19).
hit(20).
hit(21).
hit(22).
hit(23).
hit(24).
hit(25).
hit(26).
hit(27).
hit(28).
mutations(80).
hit(29).
hit(30).
hit(31).
hit(32).
hit(33).
hit(34).
hit(35).
hit(36).
hit(37).
hit(38).
hit(39).
hit(40).
hit(41).
hit(42).
hit(43).
hit(44).
hit(45).
hit(46).
hit(47).
hit(48).
hit(49).
hit(50).
hit(51).
hit(52).
hit(53).
hit(54).
hit(55).
hit(56).
hit(57).
hit(58).
hit(59).
hit(60).
hit(61).
hit(62).
hit(63).
hit(64).
hit(65).
hit(66).
hit(67).
hit(68).
hit(69).
hit(70).
hit(71).
hit(72).
hit(73).
hit(74).
hit(75).
hit(76).
hit(77).
hit(78).
hit(79).
hit(80).
hit(81).
hit(82).
hit(83).
hit(84).
hit(85).
hit(86).
hit(87).
hit(88).
hit(89).
hit(90).
hit(91).
hit(92).
hit(93).
hit(94).
hit(95).
hit(96).
hit(97).
hit(98).
hit(99).
hit(100).
hit(101).
hit(102).
mutations(76).
hit(103).
hit(104).
hit(105).
hit(106).
hit(107).
hit(108).
hit(109).
hit(110).
hit(111).
hit(112).
hit(113).
hit(114).
hit(115).
hit(116).
hit(117).
hit(118).
hit(119).
hit(120).
hit(121).
hit(122).
hit(123).
hit(124).
hit(125).
hit(126).
hit(127).
hit(128).
hit(129).
hit(130).
hit(131).
hit(132).
hit(133).
hit(134).
hit(135).
hit(136).
hit(137).
hit(138).
hit(139).
hit(140).
hit(141).
hit(142).
hit(143).
hit(144).
hit(145).
hit(146).
hit(147).
hit(148).
hit(149).
hit(150).
hit(151).
hit(152).
hit(153).
hit(154).
hit(155).
hit(156).
hit(157).
hit(158).
hit(159).
hit(160).
hit(161).
hit(162).
hit(163).
hit(164).
hit(165).
hit(166).
hit(167).
hit(168).
hit(169).
hit(170).
hit(171).
hit(172).
hit(173).
mutations(74).
hit(174).
hit(175).
hit(176).
hit(177).
hit(178).
hit(179).
hit(180).
hit(181).
hit(182).
hit(183).
hit(184).
hit(185).
hit(186).
hit(187).
hit(188).
hit(189).
hit(190).
hit(191).
hit(192).
hit(193).
hit(194).
hit(195).
hit(196).
hit(197).
hit(198).
hit(199).
hit(200).
hit(201).
hit(202).
hit(203).
hit(204).
hit(205).
hit(206).
hit(207).
hit(208).
hit(209).
hit(210).
hit(211).
hit(212).
hit(213).
hit(214).
hit(215).
hit(216).
hit(217).
hit(218).
hit(219).
hit(220).
hit(221).
hit(222).
hit(223).
hit(224).
hit(225).
hit(226).
hit(227).
hit(228).
hit(229).
hit(230).
hit(231).
hit(232).
hit(233).
hit(234).
hit(235).
hit(236).
hit(237).
hit(238).
hit(239).
hit(240).
hit(241).
hit(242).
mutations(71).
hit(243).
hit(244).
hit(245).
hit(246).
hit(247).
hit(248).
hit(249).
hit(250).
hit(251).
hit(252).
hit(253).
hit(254).
hit(255).
hit(256).
hit(257).
hit(258).
hit(259).
hit(260).
hit(261).
hit(262).
hit(263).
hit(264).
hit(265).
hit(266).
hit(267).
hit(268).
hit(269).
hit(270).
hit(271).
hit(272).
hit(273).
hit(274).
hit(275).
hit(276).
hit(277).
hit(278).
hit(279).
hit(280).
hit(281).
hit(282).
hit(283).
hit(284).
hit(285).
hit(286).
hit(287).
hit(288).
hit(289).
hit(290).
hit(291).
hit(292).
hit(293).
hit(294).
hit(295).
hit(296).
hit(297).
hit(298).
hit(299).
hit(300).
hit(301).
hit(302).
hit(303).
hit(304).
hit(305).
hit(306).
hit(307).
hit(308).
mutations(69).
hit(309).
hit(310).
hit(311).
hit(312).
hit(313).
hit(314).
hit(315).
hit(316).
hit(317).
hit(318).
hit(319).
hit(320).
hit(321).
hit(322).
hit(323).
hit(324).
hit(325).
hit(326).
hit(327).
hit(328).
hit(329).
hit(330).
hit(331).
hit(332).
hit(333).
hit(334).
hit(335).
hit(336).
hit(337).
hit(338).
hit(339).
hit(340).
hit(341).
hit(342).
hit(343).
hit(344).
hit(345).
hit(346).
hit(347).
hit(348).
hit(349).
hit(350).
hit(351).
hit(352).
hit(353).
hit(354).
hit(355).
hit(356).
hit(357).
hit(358).
hit(359).
hit(360).
hit(361).
hit(362).
hit(363).
hit(364).
hit(365).
hit(366).
hit(367).
hit(368).
hit(369).
hit(370).
hit(371).
mutations(66).
hit(372).
hit(373).
hit(374).
hit(375).
hit(376).
hit(377).
hit(378).
hit(379).
hit(380).
hit(381).
hit(382).
hit(383).
hit(384).
hit(385).
hit(386).
hit(387).
hit(388).
hit(389).
hit(390).
hit(391).
hit(392).
hit(393).
hit(394).
hit(395).
hit(396).
hit(397).
hit(398).
hit(399).
hit(400).
hit(401).
hit(402).
hit(403).
hit(404).
hit(405).
hit(406).
hit(407).
hit(408).
hit(409).
hit(410).
hit(411).
hit(412).
hit(413).
hit(414).
hit(415).
hit(416).
hit(417).
hit(418).
hit(419).
hit(420).
hit(421).
hit(422).
hit(423).
hit(424).
hit(425).
hit(426).
hit(427).
hit(428).
hit(429).
hit(430).
hit(431).
mutations(63).
hit(432).
hit(433).
hit(434).
hit(435).
hit(436).
hit(437).
hit(438).
hit(439).
hit(440).
hit(441).
hit(442).
hit(443).
hit(444).
hit(445).
hit(446).
hit(447).
hit(448).
hit(449).
hit(450).
hit(451).
hit(452).
hit(453).
hit(454).
hit(455).
hit(456).
hit(457).
hit(458).
hit(459).
hit(460).
hit(461).
hit(462).
hit(463).
hit(464).
hit(465).
hit(466).
hit(467).
hit(468).
hit(469).
hit(470).
hit(471).
hit(472).
hit(473).
hit(474).
hit(475).
hit(476).
hit(477).
hit(478).
hit(479).
hit(480).
hit(481).
hit(482).
hit(483).
hit(484).
hit(485).
hit(486).
hit(487).
hit(488).
mutations(60).
hit(489).
hit(490).
hit(491).
hit(492).
hit(493).
hit(494).
hit(495).
hit(496).
hit(497).
hit(498).
hit(499).
hit(500).
hit(501).
hit(502).
hit(503).
hit(504).
hit(505).
hit(506).
hit(507).
hit(508).
hit(509).
hit(510).
hit(511).
hit(512).
hit(513).
hit(514).
hit(515).
hit(516).
hit(517).
hit(518).
hit(519).
hit(520).
hit(521).
hit(522).
hit(523).
hit(524).
hit(525).
hit(526).
hit(527).
hit(528).
hit(529).
hit(530).
hit(531).
hit(532).
hit(533).
hit(534).
hit(535).
hit(536).
hit(537).
hit(538).
hit(539).
hit(540).
hit(541).
hit(542).
hit(543).
mutations(57).
hit(544).
hit(545).
hit(546).
hit(547).
hit(548).
hit(549).
hit(550).
hit(551).
hit(552).
hit(553).
hit(554).
hit(555).
hit(556).
hit(557).
hit(558).
hit(559).
hit(560).
hit(561).
hit(562).
hit(563).
hit(564).
hit(565).
hit(566).
hit(567).
hit(568).
hit(569).
hit(570).
hit(571).
hit(572).
hit(573).
hit(574).
hit(575).
hit(576).
hit(577).
hit(578).
hit(579).
hit(580).
hit(581).
hit(582).
hit(583).
hit(584).
hit(585).
hit(586).
hit(587).
hit(588).
hit(589).
hit(590).
hit(591).
hit(592).
hit(593).
hit(594).
hit(595).
mutations(54).
hit(596).
hit(597).
hit(598).
hit(599).
hit(600).
hit(601).
hit(602).
hit(603).
hit(604).
hit(605).
hit(606).
hit(607).
hit(608).
hit(609).
hit(610).
hit(611).
hit(612).
hit(613).
hit(614).
hit(615).
hit(616).
hit(617).
hit(618).
hit(619).
hit(620).
hit(621).
hit(622).
hit(623).
hit(624).
hit(625).
hit(626).
hit(627).
hit(628).
hit(629).
hit(630).
hit(631).
hit(632).
hit(633).
hit(634).
hit(635).
hit(636).
hit(637).
hit(638).
hit(639).
hit(640).
hit(641).
hit(642).
hit(643).
mutations(51).
hit(644).
hit(645).
hit(646).
hit(647).
hit(648).
hit(649).
hit(650).
hit(651).
hit(652).
hit(653).
hit(654).
hit(655).
hit(656).
hit(657).
hit(658).
hit(659).
hit(660).
hit(661).
hit(662).
hit(663).
hit(664).
hit(665).
hit(666).
hit(667).
hit(668).
hit(669).
hit(670).
hit(671).
hit(672).
hit(673).
hit(674).
hit(675).
hit(676).
hit(677).
hit(678).
hit(679).
hit(680).
hit(681).
hit(682).
hit(683).
hit(684).
hit(685).
hit(686).
hit(687).
hit(688).
completed(walltime, 563410).
ready('/var/tmp/sp_tmpnam_zS6uwe').
query(go(_), iterations(100000)).
original-bench(3700,100000,6207).
starting([unfold,unfold,unfold,unfold,memo,unfold,unfold,unfold,memo,unfold,unfold,unfold,unfold,memo,call,unfold,unfold,unfold,call,unfold,call,unfold,unfold,call,unfold,rescall,memo,memo,rescall,memo,rescall,memo,memo,rescall,memo,rescall,unfold,memo,memo,memo,unfold,memo], [dynamic,dynamic,static,dynamic,nonvar,static,dynamic,dynamic,dynamic,nonvar,dynamic,dynamic,dynamic,dynamic,dynamic,dynamic,dynamic,dynamic,dynamic,nonvar,nonvar,static,dynamic,dynamic,dynamic,dynamic,dynamic,dynamic,dynamic,dynamic,dynamic,static,dynamic,dynamic]).
mutations(28).
hit(1).
hit(2).
hit(3).
hit(4).
hit(5).
hit(6).
hit(7).
hit(8).
hit(9).
hit(10).
hit(11).
hit(12).
hit(13).
hit(14).
hit(15).
hit(16).
hit(17).
hit(18).
hit(19).
hit(20).
hit(21).
hit(22).
hit(23).
hit(24).
hit(25).
hit(26).
hit(27).
hit(28).
mutations(79).
hit(29).
hit(30).
hit(31).
hit(32).
hit(33).
hit(34).
hit(35).
hit(36).
hit(37).
hit(38).
hit(39).
hit(40).
hit(41).
hit(42).
hit(43).
hit(44).
hit(45).
hit(46).
hit(47).
hit(48).
hit(49).
hit(50).
hit(51).
hit(52).
hit(53).
hit(54).
hit(55).
hit(56).
hit(57).
hit(58).
hit(59).
hit(60).
hit(61).
hit(62).
hit(63).
hit(64).
hit(65).
hit(66).
hit(67).
hit(68).
hit(69).
hit(70).
hit(71).
hit(72).
hit(73).
hit(74).
hit(75).
hit(76).
hit(77).
hit(78).
hit(79).
hit(80).
hit(81).
hit(82).
hit(83).
hit(84).
hit(85).
hit(86).
hit(87).
hit(88).
hit(89).
hit(90).
hit(91).
hit(92).
hit(93).
hit(94).
hit(95).
hit(96).
hit(97).
hit(98).
hit(99).
hit(100).
hit(101).
mutations(76).
hit(102).
hit(103).
hit(104).
hit(105).
hit(106).
hit(107).
hit(108).
hit(109).
hit(110).
hit(111).
hit(112).
hit(113).
hit(114).
hit(115).
hit(116).
hit(117).
hit(118).
hit(119).
hit(120).
hit(121).
hit(122).
hit(123).
hit(124).
hit(125).
hit(126).
hit(127).
hit(128).
hit(129).
hit(130).
hit(131).
hit(132).
hit(133).
hit(134).
hit(135).
hit(136).
hit(137).
hit(138).
hit(139).
hit(140).
hit(141).
hit(142).
hit(143).
hit(144).
hit(145).
hit(146).
hit(147).
hit(148).
hit(149).
hit(150).
hit(151).
hit(152).
hit(153).
hit(154).
hit(155).
hit(156).
hit(157).
hit(158).
hit(159).
hit(160).
hit(161).
hit(162).
hit(163).
hit(164).
hit(165).
hit(166).
hit(167).
hit(168).
hit(169).
hit(170).
hit(171).
hit(172).
mutations(73).
hit(173).
hit(174).
hit(175).
hit(176).
hit(177).
hit(178).
hit(179).
hit(180).
hit(181).
hit(182).
hit(183).
hit(184).
hit(185).
hit(186).
hit(187).
hit(188).
hit(189).
hit(190).
hit(191).
hit(192).
hit(193).
hit(194).
hit(195).
hit(196).
hit(197).
hit(198).
hit(199).
hit(200).
hit(201).
hit(202).
hit(203).
hit(204).
hit(205).
hit(206).
hit(207).
hit(208).
hit(209).
hit(210).
hit(211).
hit(212).
hit(213).
hit(214).
hit(215).
hit(216).
hit(217).
hit(218).
hit(219).
hit(220).
hit(221).
hit(222).
hit(223).
hit(224).
hit(225).
hit(226).
hit(227).
hit(228).
hit(229).
hit(230).
hit(231).
hit(232).
hit(233).
hit(234).
hit(235).
hit(236).
hit(237).
hit(238).
hit(239).
mutations(72).
hit(240).
hit(241).
hit(242).
hit(243).
hit(244).
hit(245).
hit(246).
hit(247).
hit(248).
hit(249).
hit(250).
hit(251).
hit(252).
hit(253).
hit(254).
hit(255).
hit(256).
hit(257).
hit(258).
hit(259).
hit(260).
hit(261).
hit(262).
hit(263).
hit(264).
hit(265).
hit(266).
hit(267).
hit(268).
hit(269).
hit(270).
hit(271).
hit(272).
hit(273).
hit(274).
hit(275).
hit(276).
hit(277).
hit(278).
hit(279).
hit(280).
hit(281).
hit(282).
hit(283).
hit(284).
hit(285).
hit(286).
hit(287).
hit(288).
hit(289).
hit(290).
hit(291).
hit(292).
hit(293).
hit(294).
hit(295).
hit(296).
hit(297).
hit(298).
hit(299).
hit(300).
hit(301).
hit(302).
hit(303).
hit(304).
hit(305).
mutations(69).
hit(306).
hit(307).
hit(308).
hit(309).
hit(310).
hit(311).
hit(312).
hit(313).
hit(314).
hit(315).
hit(316).
hit(317).
hit(318).
hit(319).
hit(320).
hit(321).
hit(322).
hit(323).
hit(324).
hit(325).
hit(326).
hit(327).
hit(328).
hit(329).
hit(330).
hit(331).
hit(332).
hit(333).
hit(334).
hit(335).
hit(336).
hit(337).
hit(338).
hit(339).
hit(340).
hit(341).
hit(342).
hit(343).
hit(344).
hit(345).
hit(346).
hit(347).
hit(348).
hit(349).
hit(350).
hit(351).
hit(352).
hit(353).
hit(354).
hit(355).
hit(356).
hit(357).
hit(358).
hit(359).
hit(360).
hit(361).
hit(362).
hit(363).
hit(364).
hit(365).
hit(366).
hit(367).
hit(368).
mutations(66).
hit(369).
hit(370).
hit(371).
hit(372).
hit(373).
hit(374).
hit(375).
hit(376).
hit(377).
hit(378).
hit(379).
hit(380).
hit(381).
hit(382).
hit(383).
hit(384).
hit(385).
hit(386).
hit(387).
hit(388).
hit(389).
hit(390).
hit(391).
hit(392).
hit(393).
hit(394).
hit(395).
hit(396).
hit(397).
hit(398).
hit(399).
hit(400).
hit(401).
hit(402).
hit(403).
hit(404).
hit(405).
hit(406).
hit(407).
hit(408).
hit(409).
hit(410).
hit(411).
hit(412).
hit(413).
hit(414).
hit(415).
hit(416).
hit(417).
hit(418).
hit(419).
hit(420).
hit(421).
hit(422).
hit(423).
hit(424).
hit(425).
hit(426).
hit(427).
hit(428).
mutations(63).
hit(429).
hit(430).
hit(431).
hit(432).
hit(433).
hit(434).
hit(435).
hit(436).
hit(437).
hit(438).
hit(439).
hit(440).
hit(441).
hit(442).
hit(443).
hit(444).
hit(445).
hit(446).
hit(447).
hit(448).
hit(449).
hit(450).
hit(451).
hit(452).
hit(453).
hit(454).
hit(455).
hit(456).
hit(457).
hit(458).
hit(459).
hit(460).
hit(461).
hit(462).
hit(463).
hit(464).
hit(465).
hit(466).
hit(467).
hit(468).
hit(469).
hit(470).
hit(471).
hit(472).
hit(473).
hit(474).
hit(475).
hit(476).
hit(477).
hit(478).
hit(479).
hit(480).
hit(481).
hit(482).
hit(483).
hit(484).
hit(485).
hit(486).
mutations(60).
hit(487).
hit(488).
hit(489).
hit(490).
hit(491).
hit(492).
hit(493).
hit(494).
hit(495).
hit(496).
hit(497).
hit(498).
hit(499).
hit(500).
hit(501).
hit(502).
hit(503).
hit(504).
hit(505).
hit(506).
hit(507).
hit(508).
hit(509).
hit(510).
hit(511).
hit(512).
hit(513).
hit(514).
hit(515).
hit(516).
hit(517).
hit(518).
hit(519).
hit(520).
hit(521).
hit(522).
hit(523).
hit(524).
hit(525).
hit(526).
hit(527).
hit(528).
hit(529).
hit(530).
hit(531).
hit(532).
hit(533).
hit(534).
hit(535).
hit(536).
hit(537).
hit(538).
hit(539).
hit(540).
hit(541).
mutations(57).
hit(542).
hit(543).
hit(544).
hit(545).
hit(546).
hit(547).
hit(548).
hit(549).
hit(550).
hit(551).
hit(552).
hit(553).
hit(554).
hit(555).
hit(556).
hit(557).
hit(558).
hit(559).
hit(560).
hit(561).
hit(562).
hit(563).
hit(564).
hit(565).
hit(566).
hit(567).
hit(568).
hit(569).
hit(570).
hit(571).
hit(572).
hit(573).
hit(574).
hit(575).
hit(576).
hit(577).
hit(578).
hit(579).
hit(580).
hit(581).
hit(582).
hit(583).
hit(584).
hit(585).
hit(586).
hit(587).
hit(588).
hit(589).
hit(590).
hit(591).
hit(592).
hit(593).
mutations(54).
hit(594).
hit(595).
hit(596).
hit(597).
hit(598).
hit(599).
hit(600).
hit(601).
hit(602).
hit(603).
hit(604).
hit(605).
hit(606).
hit(607).
hit(608).
hit(609).
hit(610).
hit(611).
hit(612).
hit(613).
hit(614).
hit(615).
hit(616).
hit(617).
hit(618).
hit(619).
hit(620).
hit(621).
hit(622).
hit(623).
hit(624).
hit(625).
hit(626).
hit(627).
hit(628).
hit(629).
hit(630).
hit(631).
hit(632).
hit(633).
hit(634).
hit(635).
hit(636).
hit(637).
hit(638).
hit(639).
hit(640).
hit(641).
hit(642).
mutations(51).
hit(643).
hit(644).
hit(645).
hit(646).
hit(647).
hit(648).
hit(649).
hit(650).
hit(651).
hit(652).
hit(653).
hit(654).
hit(655).
hit(656).
hit(657).
hit(658).
hit(659).
hit(660).
hit(661).
hit(662).
hit(663).
hit(664).
hit(665).
hit(666).
hit(667).
hit(668).
hit(669).
hit(670).
hit(671).
hit(672).
hit(673).
hit(674).
hit(675).
hit(676).
hit(677).
hit(678).
hit(679).
hit(680).
hit(681).
hit(682).
hit(683).
hit(684).
hit(685).
hit(686).
hit(687).
mutations(50).
hit(688).
hit(689).
hit(690).
hit(691).
hit(692).
hit(693).
hit(694).
hit(695).
hit(696).
hit(697).
hit(698).
hit(699).
hit(700).
hit(701).
hit(702).
completed(walltime, 2959120).


 Testing mission with score function time, completed in 1567480ms tried 379 mutations with answers:
ann([unfold,unfold,memo,unfold,memo,unfold,memo,unfold,memo,memo,memo,unfold,unfold,memo,call,unfold,unfold,unfold,call,unfold,rescall,unfold,unfold,rescall,unfold,rescall,memo,memo,rescall,memo,rescall,memo,memo,rescall,memo,rescall,unfold,memo,memo,memo,unfold,memo],[dynamic,dynamic,static,dynamic,dynamic,static,dynamic,dynamic,dynamic,nonvar,dynamic,dynamic,dynamic,dynamic,dynamic,dynamic,dynamic,dynamic,dynamic,dynamic,dynamic,static,dynamic,dynamic,dynamic,dynamic,dynamic,dynamic,dynamic,dynamic,dynamic,static,dynamic,dynamic])-bench(2900,100000,17967).
ann([unfold,unfold,memo,unfold,memo,unfold,memo,unfold,memo,memo,memo,unfold,unfold,memo,call,unfold,unfold,unfold,call,unfold,call,unfold,unfold,call,unfold,rescall,memo,memo,rescall,memo,rescall,memo,memo,rescall,memo,rescall,unfold,memo,memo,memo,unfold,memo],[dynamic,dynamic,static,dynamic,dynamic,static,dynamic,dynamic,dynamic,dynamic,dynamic,dynamic,dynamic,dynamic,dynamic,dynamic,dynamic,dynamic,dynamic,dynamic,dynamic,static,dynamic,dynamic,dynamic,dynamic,dynamic,dynamic,dynamic,dynamic,dynamic,static,dynamic,dynamic])-bench(2910,100000,18201).
ann([unfold,unfold,memo,unfold,memo,unfold,memo,unfold,memo,memo,memo,unfold,unfold,memo,call,unfold,unfold,unfold,call,unfold,call,unfold,memo,call,unfold,rescall,memo,memo,rescall,memo,rescall,memo,memo,rescall,memo,rescall,unfold,memo,memo,memo,unfold,memo],[dynamic,dynamic,static,dynamic,dynamic,static,dynamic,dynamic,dynamic,nonvar,dynamic,dynamic,dynamic,dynamic,dynamic,dynamic,dynamic,dynamic,dynamic,dynamic,dynamic,static,dynamic,dynamic,dynamic,dynamic,dynamic,dynamic,dynamic,dynamic,dynamic,static,dynamic,dynamic])-bench(2920,100000,18173).


 Testing mission with score function size, completed in 563410ms tried 688 mutations with answers:
ann([memo,memo,memo,unfold,memo,memo,memo,unfold,memo,memo,memo,unfold,unfold,memo,call,unfold,memo,unfold,rescall,unfold,rescall,unfold,unfold,call,unfold,rescall,memo,memo,rescall,memo,rescall,memo,memo,rescall,memo,rescall,unfold,memo,memo,memo,unfold,memo],[dynamic,dynamic,dynamic,dynamic,dynamic,dynamic,dynamic,dynamic,dynamic,nonvar,dynamic,dynamic,dynamic,dynamic,dynamic,dynamic,dynamic,dynamic,dynamic,dynamic,dynamic,static,dynamic,dynamic,dynamic,dynamic,dynamic,dynamic,dynamic,dynamic,dynamic,static,dynamic,dynamic])-bench(0,0,6263).
ann([memo,memo,memo,unfold,memo,memo,memo,unfold,memo,memo,memo,unfold,unfold,memo,call,memo,memo,unfold,call,unfold,rescall,unfold,unfold,call,unfold,rescall,memo,memo,rescall,memo,rescall,memo,memo,rescall,memo,rescall,unfold,memo,memo,memo,unfold,memo],[dynamic,dynamic,dynamic,dynamic,dynamic,dynamic,dynamic,dynamic,dynamic,nonvar,dynamic,dynamic,dynamic,dynamic,dynamic,dynamic,dynamic,dynamic,dynamic,dynamic,dynamic,static,dynamic,dynamic,dynamic,dynamic,dynamic,dynamic,dynamic,dynamic,dynamic,static,dynamic,dynamic])-bench(0,0,6263).
ann([memo,memo,memo,unfold,memo,memo,memo,unfold,memo,memo,memo,unfold,unfold,memo,call,unfold,memo,unfold,call,unfold,rescall,unfold,unfold,rescall,unfold,rescall,memo,memo,rescall,memo,rescall,memo,memo,rescall,memo,rescall,unfold,memo,memo,memo,unfold,memo],[dynamic,dynamic,dynamic,dynamic,dynamic,dynamic,dynamic,dynamic,dynamic,nonvar,dynamic,dynamic,dynamic,dynamic,dynamic,dynamic,dynamic,dynamic,dynamic,dynamic,dynamic,static,dynamic,dynamic,dynamic,dynamic,dynamic,dynamic,dynamic,dynamic,dynamic,static,dynamic,dynamic])-bench(0,0,6263).


 Testing mission with score function size_time, completed in 2959120ms tried 702 mutations with answers:
ann([memo,memo,memo,unfold,memo,memo,memo,unfold,memo,memo,memo,unfold,unfold,memo,call,unfold,memo,unfold,call,unfold,call,unfold,unfold,call,memo,rescall,memo,memo,rescall,memo,rescall,memo,memo,rescall,memo,rescall,unfold,memo,memo,memo,unfold,memo],[dynamic,dynamic,dynamic,dynamic,dynamic,dynamic,dynamic,dynamic,dynamic,nonvar,dynamic,dynamic,dynamic,dynamic,dynamic,dynamic,dynamic,dynamic,dynamic,dynamic,dynamic,static,dynamic,dynamic,dynamic,dynamic,dynamic,dynamic,dynamic,dynamic,dynamic,static,dynamic,dynamic])-bench(3230,100000,6280).
ann([memo,memo,memo,unfold,memo,memo,memo,unfold,memo,memo,memo,unfold,unfold,memo,call,unfold,memo,unfold,rescall,unfold,rescall,unfold,unfold,call,unfold,rescall,memo,memo,rescall,memo,rescall,memo,memo,rescall,memo,rescall,unfold,memo,memo,memo,memo,memo],[dynamic,dynamic,dynamic,dynamic,dynamic,dynamic,dynamic,dynamic,dynamic,nonvar,dynamic,dynamic,dynamic,dynamic,dynamic,dynamic,dynamic,dynamic,dynamic,dynamic,dynamic,static,dynamic,dynamic,dynamic,dynamic,dynamic,dynamic,dynamic,dynamic,dynamic,static,dynamic,dynamic])-bench(3240,100000,6263).
ann([memo,memo,memo,unfold,memo,memo,memo,unfold,memo,memo,memo,unfold,unfold,memo,call,unfold,memo,unfold,call,unfold,rescall,unfold,unfold,call,unfold,rescall,memo,memo,rescall,memo,rescall,memo,memo,rescall,memo,rescall,unfold,memo,memo,memo,memo,memo],[dynamic,dynamic,dynamic,dynamic,dynamic,dynamic,dynamic,dynamic,dynamic,nonvar,dynamic,dynamic,dynamic,dynamic,dynamic,dynamic,dynamic,dynamic,dynamic,dynamic,dynamic,static,dynamic,dynamic,dynamic,dynamic,dynamic,dynamic,dynamic,dynamic,dynamic,static,dynamic,dynamic])-bench(3240,100000,6263).
ready('/var/tmp/sp_tmpnam_zS6uwe').
query(go(_), iterations(1000000)).
original-bench(1010,1000000,2544).
starting([unfold,unfold,unfold,unfold,unfold,unfold,unfold,unfold], [dynamic,dynamic,dynamic,dynamic,dynamic,dynamic,dynamic,dynamic,dynamic,static,dynamic]).
mutations(9).
hit(1).
hit(2).
hit(3).
hit(4).
hit(5).
hit(6).
hit(7).
hit(8).
hit(9).
mutations(25).
hit(10).
hit(11).
hit(12).
hit(13).
hit(14).
hit(15).
hit(16).
hit(17).
hit(18).
hit(19).
hit(20).
hit(21).
hit(22).
mutations(24).
hit(23).
hit(24).
hit(25).
hit(26).
hit(27).
hit(28).
completed(walltime, 48260).
ready('/var/tmp/sp_tmpnam_zS6uwe').
query(go(_), iterations(0)).
original-bench(0,0,2544).
starting([unfold,unfold,unfold,unfold,unfold,unfold,unfold,unfold], [dynamic,dynamic,dynamic,dynamic,dynamic,dynamic,dynamic,dynamic,dynamic,static,dynamic]).
mutations(9).
hit(1).
hit(2).
hit(3).
hit(4).
hit(5).
hit(6).
hit(7).
hit(8).
hit(9).
mutations(25).
hit(10).
hit(11).
hit(12).
hit(13).
hit(14).
hit(15).
hit(16).
hit(17).
hit(18).
hit(19).
hit(20).
hit(21).
hit(22).
mutations(24).
hit(23).
hit(24).
hit(25).
hit(26).
hit(27).
hit(28).
mutations(23).
hit(29).
hit(30).
hit(31).
hit(32).
hit(33).
mutations(22).
hit(34).
hit(35).
hit(36).
hit(37).
mutations(18).
hit(38).
hit(39).
hit(40).
completed(walltime, 54090).
ready('/var/tmp/sp_tmpnam_zS6uwe').
query(go(_), iterations(1000000)).
original-bench(1030,1000000,2544).
starting([unfold,unfold,unfold,unfold,unfold,unfold,unfold,unfold], [dynamic,dynamic,dynamic,dynamic,dynamic,dynamic,dynamic,dynamic,dynamic,static,dynamic]).
mutations(9).
hit(1).
hit(2).
hit(3).
hit(4).
hit(5).
hit(6).
hit(7).
hit(8).
hit(9).
mutations(25).
hit(10).
hit(11).
hit(12).
hit(13).
hit(14).
hit(15).
hit(16).
hit(17).
hit(18).
hit(19).
hit(20).
hit(21).
hit(22).
completed(walltime, 41250).


 Testing relative with score function time, completed in 48260ms tried 28 mutations with answers:
ann([unfold,unfold,unfold,unfold,unfold,memo,unfold,unfold],[dynamic,dynamic,dynamic,dynamic,dynamic,dynamic,dynamic,dynamic,dynamic,static,dynamic])-bench(220,1000000,9238).
ann([unfold,unfold,unfold,unfold,unfold,unfold,unfold,unfold],[dynamic,dynamic,dynamic,dynamic,dynamic,dynamic,dynamic,dynamic,dynamic,static,dynamic])-bench(220,1000000,2364).
ann([unfold,unfold,unfold,unfold,memo,memo,unfold,unfold],[dynamic,dynamic,dynamic,dynamic,dynamic,dynamic,dynamic,dynamic,dynamic,static,dynamic])-bench(230,1000000,5411).


 Testing relative with score function size, completed in 54090ms tried 40 mutations with answers:
ann([unfold,unfold,unfold,unfold,unfold,unfold,unfold,unfold],[dynamic,dynamic,dynamic,dynamic,dynamic,dynamic,dynamic,dynamic,dynamic,static,dynamic])-bench(0,0,2364).
ann([unfold,memo,memo,unfold,unfold,memo,memo,memo],[dynamic,dynamic,dynamic,dynamic,dynamic,dynamic,dynamic,dynamic,dynamic,static,dynamic])-bench(0,0,2385).
ann([unfold,memo,memo,unfold,unfold,memo,unfold,memo],[dynamic,dynamic,dynamic,dynamic,dynamic,dynamic,dynamic,dynamic,dynamic,static,dynamic])-bench(0,0,2466).


 Testing relative with score function size_time, completed in 41250ms tried 22 mutations with answers:
ann([unfold,unfold,unfold,unfold,unfold,unfold,unfold,unfold],[dynamic,dynamic,dynamic,dynamic,dynamic,dynamic,dynamic,dynamic,dynamic,static,dynamic])-bench(230,1000000,2364).
ann([memo,unfold,unfold,unfold,unfold,unfold,unfold,unfold],[dynamic,dynamic,dynamic,dynamic,dynamic,dynamic,dynamic,dynamic,dynamic,static,dynamic])-bench(290,1000000,2516).
ann([unfold,unfold,memo,unfold,unfold,unfold,unfold,unfold],[dynamic,dynamic,dynamic,dynamic,dynamic,dynamic,dynamic,dynamic,dynamic,static,dynamic])-bench(280,1000000,3637).
ready('/var/tmp/sp_tmpnam_zS6uwe').
query(index_test(f(_),j,_), iterations(10000000)).
original-bench(2880,10000000,1753).
starting([unfold], [nonvar,dynamic,dynamic,dynamic,dynamic]).
mutations(3).
hit(1).
hit(2).
hit(3).
mutations(7).
hit(4).
mutations(6).
completed(walltime, 22570).
ready('/var/tmp/sp_tmpnam_zS6uwe').
query(index_test(f(_),j,_), iterations(0)).
original-bench(0,0,1753).
starting([unfold], [nonvar,dynamic,dynamic,dynamic,dynamic]).
mutations(3).
hit(1).
hit(2).
hit(3).
mutations(7).
hit(4).
mutations(6).
completed(walltime, 2570).
ready('/var/tmp/sp_tmpnam_zS6uwe').
query(index_test(f(_),j,_), iterations(10000000)).
original-bench(2830,10000000,1753).
starting([unfold], [nonvar,dynamic,dynamic,dynamic,dynamic]).
mutations(3).
hit(1).
hit(2).
hit(3).
mutations(7).
hit(4).
mutations(6).
completed(walltime, 22170).


 Testing index_test with score function time, completed in 22570ms tried 4 mutations with answers:
ann([memo],[nonvar,dynamic,dynamic,dynamic,dynamic])-bench(2730,10000000,1756).
ann([memo],[dynamic,dynamic,dynamic,dynamic,dynamic])-bench(2820,10000000,1753).
ann([unfold],[nonvar,dynamic,dynamic,dynamic,dynamic])-bench(5360,10000000,1675).


 Testing index_test with score function size, completed in 2570ms tried 4 mutations with answers:
ann([unfold],[nonvar,dynamic,dynamic,dynamic,dynamic])-bench(0,0,1675).
ann([memo],[dynamic,dynamic,dynamic,dynamic,dynamic])-bench(0,0,1753).
ann([memo],[nonvar,dynamic,dynamic,dynamic,dynamic])-bench(0,0,1756).


 Testing index_test with score function size_time, completed in 22170ms tried 4 mutations with answers:
ann([memo],[nonvar,dynamic,dynamic,dynamic,dynamic])-bench(2770,10000000,1756).
ann([memo],[dynamic,dynamic,dynamic,dynamic,dynamic])-bench(2780,10000000,1753).
ann([unfold],[nonvar,dynamic,dynamic,dynamic,dynamic])-bench(5240,10000000,1675).
ready('/var/tmp/sp_tmpnam_zS6uwe').
query(test(_), iterations(100000)).
original-bench(430,100000,9891).
starting([memo,unfold,unfold,unfold,unfold], [nonvar,dynamic,nonvar,(type list(nonvar)),dynamic]).
mutations(6).
hit(1).
hit(2).
hit(3).
hit(4).
hit(5).
hit(6).
mutations(17).
hit(7).
hit(8).
hit(9).
hit(10).
hit(11).
hit(12).
hit(13).
hit(14).
mutations(16).
hit(15).
hit(16).
hit(17).
hit(18).
hit(19).
hit(20).
hit(21).
completed(walltime, 142290).
ready('/var/tmp/sp_tmpnam_zS6uwe').
query(test(_), iterations(0)).
original-bench(0,0,9891).
starting([memo,unfold,unfold,unfold,unfold], [nonvar,dynamic,nonvar,(type list(nonvar)),dynamic]).
mutations(6).
hit(1).
hit(2).
hit(3).
hit(4).
hit(5).
hit(6).
mutations(17).
hit(7).
hit(8).
hit(9).
hit(10).
hit(11).
hit(12).
hit(13).
hit(14).
completed(walltime, 87080).
ready('/var/tmp/sp_tmpnam_zS6uwe').
query(test(_), iterations(100000)).
original-bench(470,100000,9891).
starting([memo,unfold,unfold,unfold,unfold], [nonvar,dynamic,nonvar,(type list(nonvar)),dynamic]).
mutations(6).
hit(1).
hit(2).
hit(3).
hit(4).
hit(5).
hit(6).
mutations(17).
hit(7).
hit(8).
hit(9).
hit(10).
hit(11).
hit(12).
hit(13).
hit(14).
mutations(16).
hit(15).
hit(16).
hit(17).
hit(18).
hit(19).
hit(20).
hit(21).
completed(walltime, 142790).


 Testing vanilla with score function time, completed in 142290ms tried 21 mutations with answers:
ann([memo,unfold,unfold,memo,memo],[nonvar,dynamic,nonvar,(type list(nonvar)),dynamic])-bench(260,100000,9092).
ann([memo,unfold,unfold,memo,unfold],[nonvar,dynamic,nonvar,(type list(nonvar)),dynamic])-bench(260,100000,8938).
ann([memo,memo,unfold,memo,memo],[nonvar,dynamic,nonvar,(type list(nonvar)),dynamic])-bench(270,100000,9313).


 Testing vanilla with score function size, completed in 87080ms tried 14 mutations with answers:
ann([memo,unfold,unfold,unfold,unfold],[nonvar,dynamic,nonvar,(type list(nonvar)),dynamic])-bench(0,0,8369).
ann([memo,unfold,unfold,unfold,memo],[nonvar,dynamic,nonvar,(type list(nonvar)),dynamic])-bench(0,0,8523).
ann([memo,memo,unfold,unfold,unfold],[nonvar,dynamic,nonvar,(type list(nonvar)),dynamic])-bench(0,0,8713).


 Testing vanilla with score function size_time, completed in 142790ms tried 21 mutations with answers:
ann([memo,unfold,unfold,memo,unfold],[nonvar,dynamic,nonvar,(type list(nonvar)),dynamic])-bench(260,100000,8938).
ann([memo,unfold,unfold,memo,memo],[nonvar,dynamic,nonvar,(type list(nonvar)),dynamic])-bench(260,100000,9092).
ann([memo,memo,unfold,memo,unfold],[nonvar,dynamic,nonvar,(type list(nonvar)),dynamic])-bench(270,100000,9159).


 Testing match with score function time, completed in 7560ms tried 7 mutations with answers:
ann([unfold,rescall,memo,unfold],[static,dynamic,static,dynamic,static,dynamic])-bench(450,100000,2215).
ann([memo,rescall,memo,unfold],[static,dynamic,static,dynamic,static,dynamic])-bench(460,100000,1487).
ann([unfold,rescall,memo,memo],[static,dynamic,static,dynamic,static,dynamic])-bench(490,100000,2204).


 Testing match with score function size, completed in 4850ms tried 8 mutations with answers:
ann([memo,rescall,memo,memo],[dynamic,dynamic,static,dynamic,static,dynamic])-bench(0,0,1248).
ann([memo,rescall,memo,unfold],[static,dynamic,static,dynamic,static,dynamic])-bench(0,0,1487).
ann([unfold,rescall,memo,memo],[dynamic,dynamic,static,dynamic,static,dynamic])-bench(0,0,1512).


 Testing match with score function size_time, completed in 8780ms tried 8 mutations with answers:
ann([memo,rescall,memo,unfold],[static,dynamic,static,dynamic,static,dynamic])-bench(450,100000,1487).
ann([memo,rescall,memo,memo],[static,dynamic,static,dynamic,static,dynamic])-bench(490,100000,1955).
ann([unfold,rescall,memo,unfold],[static,dynamic,static,dynamic,static,dynamic])-bench(460,100000,2215).


 Testing advisor with score function time, completed in 20290ms tried 14 mutations with answers:
ann([unfold,memo,unfold,memo],[dynamic,dynamic,dynamic,dynamic,static,dynamic,dynamic,dynamic,dynamic,dynamic])-bench(400,1000000,5919).
ann([unfold,unfold,unfold,memo],[dynamic,dynamic,dynamic,dynamic,static,static,dynamic,dynamic,dynamic,dynamic])-bench(410,1000000,10620).
ann([unfold,memo,memo,unfold],[dynamic,dynamic,dynamic,dynamic,static,dynamic,dynamic,dynamic,dynamic,dynamic])-bench(420,1000000,5376).


 Testing advisor with score function size, completed in 12400ms tried 16 mutations with answers:
ann([memo,memo,memo,memo],[dynamic,dynamic,dynamic,dynamic,dynamic,dynamic,dynamic,dynamic,dynamic,dynamic])-bench(0,0,4098).
ann([memo,unfold,memo,memo],[dynamic,dynamic,dynamic,dynamic,dynamic,static,dynamic,dynamic,dynamic,dynamic])-bench(0,0,4489).
ann([unfold,memo,memo,memo],[dynamic,dynamic,dynamic,dynamic,static,dynamic,dynamic,dynamic,dynamic,dynamic])-bench(0,0,4784).


 Testing advisor with score function size_time, completed in 23580ms tried 16 mutations with answers:
ann([unfold,memo,memo,memo],[dynamic,dynamic,dynamic,dynamic,static,dynamic,dynamic,dynamic,dynamic,dynamic])-bench(440,1000000,4784).
ann([unfold,memo,memo,unfold],[dynamic,dynamic,dynamic,dynamic,static,dynamic,dynamic,dynamic,dynamic,dynamic])-bench(410,1000000,5376).
ann([unfold,memo,unfold,memo],[dynamic,dynamic,dynamic,dynamic,static,dynamic,dynamic,dynamic,dynamic,dynamic])-bench(390,1000000,5919).


 Testing member_glob with score function time, completed in 25460ms tried 20 mutations with answers:
ann([unfold,unfold,memo,memo,unfold],[dynamic,(type list(static)),dynamic,static,dynamic,dynamic,(type list(static)),dynamic,dynamic])-bench(370,500000,3792).
ann([unfold,unfold,unfold,memo,unfold],[dynamic,(type list(static)),dynamic,static,dynamic,dynamic,(type list(static)),dynamic,dynamic])-bench(390,500000,4712).
ann([memo,unfold,memo,memo,unfold],[dynamic,(type list(static)),dynamic,static,dynamic,dynamic,(type list(static)),dynamic,dynamic])-bench(400,500000,3942).


 Testing member_glob with score function size, completed in 25390ms tried 26 mutations with answers:
ann([unfold,memo,memo,memo,memo],[dynamic,dynamic,dynamic,dynamic,dynamic,dynamic,dynamic,dynamic,dynamic])-bench(0,0,1289).
ann([unfold,unfold,memo,memo,memo],[dynamic,dynamic,dynamic,dynamic,dynamic,dynamic,dynamic,dynamic,dynamic])-bench(0,0,1390).
ann([memo,memo,memo,memo,memo],[dynamic,dynamic,dynamic,dynamic,dynamic,dynamic,dynamic,dynamic,dynamic])-bench(0,0,1453).


 Testing member_glob with score function size_time, completed in 31520ms tried 21 mutations with answers:
ann([unfold,unfold,memo,memo,unfold],[dynamic,(type list(static)),dynamic,dynamic,dynamic,dynamic,(type list(static)),dynamic,dynamic])-bench(440,500000,1637).
ann([unfold,unfold,memo,memo,unfold],[dynamic,dynamic,dynamic,dynamic,dynamic,dynamic,dynamic,dynamic,dynamic])-bench(470,500000,1637).
ann([unfold,memo,unfold,memo,unfold],[dynamic,(type list(static)),dynamic,dynamic,dynamic,dynamic,(type list(static)),dynamic,dynamic])-bench(460,500000,1769).


 Testing regexp with score function time, completed in 44290ms tried 19 mutations with answers:
ann([unfold,call,unfold,unfold,unfold,unfold,memo],[static,dynamic,static,dynamic,dynamic])-bench(920,1000000,1417).
ann([memo,call,unfold,unfold,unfold,unfold,memo],[static,dynamic,static,dynamic,dynamic])-bench(940,1000000,1569).
ann([unfold,call,unfold,unfold,unfold,memo,memo],[static,dynamic,static,dynamic,dynamic])-bench(1170,1000000,1543).


 Testing regexp with score function size, completed in 23170ms tried 24 mutations with answers:
ann([unfold,call,unfold,unfold,unfold,unfold,memo],[static,dynamic,static,dynamic,dynamic])-bench(0,0,1417).
ann([memo,call,unfold,unfold,unfold,memo,memo],[static,dynamic,static,dynamic,dynamic])-bench(0,0,1462).
ann([unfold,call,unfold,unfold,unfold,memo,memo],[static,dynamic,static,dynamic,dynamic])-bench(0,0,1543).


 Testing regexp with score function size_time, completed in 57780ms tried 24 mutations with answers:
ann([unfold,call,unfold,unfold,unfold,unfold,memo],[static,dynamic,static,dynamic,dynamic])-bench(920,1000000,1417).
ann([memo,call,unfold,unfold,unfold,unfold,memo],[static,dynamic,static,dynamic,dynamic])-bench(890,1000000,1569).
ann([memo,call,unfold,unfold,unfold,memo,memo],[static,dynamic,static,dynamic,dynamic])-bench(1200,1000000,1462).


 Testing mission with score function time, completed in 1567480ms tried 379 mutations with answers:
ann([unfold,unfold,memo,unfold,memo,unfold,memo,unfold,memo,memo,memo,unfold,unfold,memo,call,unfold,unfold,unfold,call,unfold,rescall,unfold,unfold,rescall,unfold,rescall,memo,memo,rescall,memo,rescall,memo,memo,rescall,memo,rescall,unfold,memo,memo,memo,unfold,memo],[dynamic,dynamic,static,dynamic,dynamic,static,dynamic,dynamic,dynamic,nonvar,dynamic,dynamic,dynamic,dynamic,dynamic,dynamic,dynamic,dynamic,dynamic,dynamic,dynamic,static,dynamic,dynamic,dynamic,dynamic,dynamic,dynamic,dynamic,dynamic,dynamic,static,dynamic,dynamic])-bench(2900,100000,17967).
ann([unfold,unfold,memo,unfold,memo,unfold,memo,unfold,memo,memo,memo,unfold,unfold,memo,call,unfold,unfold,unfold,call,unfold,call,unfold,unfold,call,unfold,rescall,memo,memo,rescall,memo,rescall,memo,memo,rescall,memo,rescall,unfold,memo,memo,memo,unfold,memo],[dynamic,dynamic,static,dynamic,dynamic,static,dynamic,dynamic,dynamic,dynamic,dynamic,dynamic,dynamic,dynamic,dynamic,dynamic,dynamic,dynamic,dynamic,dynamic,dynamic,static,dynamic,dynamic,dynamic,dynamic,dynamic,dynamic,dynamic,dynamic,dynamic,static,dynamic,dynamic])-bench(2910,100000,18201).
ann([unfold,unfold,memo,unfold,memo,unfold,memo,unfold,memo,memo,memo,unfold,unfold,memo,call,unfold,unfold,unfold,call,unfold,call,unfold,memo,call,unfold,rescall,memo,memo,rescall,memo,rescall,memo,memo,rescall,memo,rescall,unfold,memo,memo,memo,unfold,memo],[dynamic,dynamic,static,dynamic,dynamic,static,dynamic,dynamic,dynamic,nonvar,dynamic,dynamic,dynamic,dynamic,dynamic,dynamic,dynamic,dynamic,dynamic,dynamic,dynamic,static,dynamic,dynamic,dynamic,dynamic,dynamic,dynamic,dynamic,dynamic,dynamic,static,dynamic,dynamic])-bench(2920,100000,18173).


 Testing mission with score function size, completed in 563410ms tried 688 mutations with answers:
ann([memo,memo,memo,unfold,memo,memo,memo,unfold,memo,memo,memo,unfold,unfold,memo,call,unfold,memo,unfold,rescall,unfold,rescall,unfold,unfold,call,unfold,rescall,memo,memo,rescall,memo,rescall,memo,memo,rescall,memo,rescall,unfold,memo,memo,memo,unfold,memo],[dynamic,dynamic,dynamic,dynamic,dynamic,dynamic,dynamic,dynamic,dynamic,nonvar,dynamic,dynamic,dynamic,dynamic,dynamic,dynamic,dynamic,dynamic,dynamic,dynamic,dynamic,static,dynamic,dynamic,dynamic,dynamic,dynamic,dynamic,dynamic,dynamic,dynamic,static,dynamic,dynamic])-bench(0,0,6263).
ann([memo,memo,memo,unfold,memo,memo,memo,unfold,memo,memo,memo,unfold,unfold,memo,call,memo,memo,unfold,call,unfold,rescall,unfold,unfold,call,unfold,rescall,memo,memo,rescall,memo,rescall,memo,memo,rescall,memo,rescall,unfold,memo,memo,memo,unfold,memo],[dynamic,dynamic,dynamic,dynamic,dynamic,dynamic,dynamic,dynamic,dynamic,nonvar,dynamic,dynamic,dynamic,dynamic,dynamic,dynamic,dynamic,dynamic,dynamic,dynamic,dynamic,static,dynamic,dynamic,dynamic,dynamic,dynamic,dynamic,dynamic,dynamic,dynamic,static,dynamic,dynamic])-bench(0,0,6263).
ann([memo,memo,memo,unfold,memo,memo,memo,unfold,memo,memo,memo,unfold,unfold,memo,call,unfold,memo,unfold,call,unfold,rescall,unfold,unfold,rescall,unfold,rescall,memo,memo,rescall,memo,rescall,memo,memo,rescall,memo,rescall,unfold,memo,memo,memo,unfold,memo],[dynamic,dynamic,dynamic,dynamic,dynamic,dynamic,dynamic,dynamic,dynamic,nonvar,dynamic,dynamic,dynamic,dynamic,dynamic,dynamic,dynamic,dynamic,dynamic,dynamic,dynamic,static,dynamic,dynamic,dynamic,dynamic,dynamic,dynamic,dynamic,dynamic,dynamic,static,dynamic,dynamic])-bench(0,0,6263).


 Testing mission with score function size_time, completed in 2959120ms tried 702 mutations with answers:
ann([memo,memo,memo,unfold,memo,memo,memo,unfold,memo,memo,memo,unfold,unfold,memo,call,unfold,memo,unfold,call,unfold,call,unfold,unfold,call,memo,rescall,memo,memo,rescall,memo,rescall,memo,memo,rescall,memo,rescall,unfold,memo,memo,memo,unfold,memo],[dynamic,dynamic,dynamic,dynamic,dynamic,dynamic,dynamic,dynamic,dynamic,nonvar,dynamic,dynamic,dynamic,dynamic,dynamic,dynamic,dynamic,dynamic,dynamic,dynamic,dynamic,static,dynamic,dynamic,dynamic,dynamic,dynamic,dynamic,dynamic,dynamic,dynamic,static,dynamic,dynamic])-bench(3230,100000,6280).
ann([memo,memo,memo,unfold,memo,memo,memo,unfold,memo,memo,memo,unfold,unfold,memo,call,unfold,memo,unfold,rescall,unfold,rescall,unfold,unfold,call,unfold,rescall,memo,memo,rescall,memo,rescall,memo,memo,rescall,memo,rescall,unfold,memo,memo,memo,memo,memo],[dynamic,dynamic,dynamic,dynamic,dynamic,dynamic,dynamic,dynamic,dynamic,nonvar,dynamic,dynamic,dynamic,dynamic,dynamic,dynamic,dynamic,dynamic,dynamic,dynamic,dynamic,static,dynamic,dynamic,dynamic,dynamic,dynamic,dynamic,dynamic,dynamic,dynamic,static,dynamic,dynamic])-bench(3240,100000,6263).
ann([memo,memo,memo,unfold,memo,memo,memo,unfold,memo,memo,memo,unfold,unfold,memo,call,unfold,memo,unfold,call,unfold,rescall,unfold,unfold,call,unfold,rescall,memo,memo,rescall,memo,rescall,memo,memo,rescall,memo,rescall,unfold,memo,memo,memo,memo,memo],[dynamic,dynamic,dynamic,dynamic,dynamic,dynamic,dynamic,dynamic,dynamic,nonvar,dynamic,dynamic,dynamic,dynamic,dynamic,dynamic,dynamic,dynamic,dynamic,dynamic,dynamic,static,dynamic,dynamic,dynamic,dynamic,dynamic,dynamic,dynamic,dynamic,dynamic,static,dynamic,dynamic])-bench(3240,100000,6263).


 Testing relative with score function time, completed in 48260ms tried 28 mutations with answers:
ann([unfold,unfold,unfold,unfold,unfold,memo,unfold,unfold],[dynamic,dynamic,dynamic,dynamic,dynamic,dynamic,dynamic,dynamic,dynamic,static,dynamic])-bench(220,1000000,9238).
ann([unfold,unfold,unfold,unfold,unfold,unfold,unfold,unfold],[dynamic,dynamic,dynamic,dynamic,dynamic,dynamic,dynamic,dynamic,dynamic,static,dynamic])-bench(220,1000000,2364).
ann([unfold,unfold,unfold,unfold,memo,memo,unfold,unfold],[dynamic,dynamic,dynamic,dynamic,dynamic,dynamic,dynamic,dynamic,dynamic,static,dynamic])-bench(230,1000000,5411).


 Testing relative with score function size, completed in 54090ms tried 40 mutations with answers:
ann([unfold,unfold,unfold,unfold,unfold,unfold,unfold,unfold],[dynamic,dynamic,dynamic,dynamic,dynamic,dynamic,dynamic,dynamic,dynamic,static,dynamic])-bench(0,0,2364).
ann([unfold,memo,memo,unfold,unfold,memo,memo,memo],[dynamic,dynamic,dynamic,dynamic,dynamic,dynamic,dynamic,dynamic,dynamic,static,dynamic])-bench(0,0,2385).
ann([unfold,memo,memo,unfold,unfold,memo,unfold,memo],[dynamic,dynamic,dynamic,dynamic,dynamic,dynamic,dynamic,dynamic,dynamic,static,dynamic])-bench(0,0,2466).


 Testing relative with score function size_time, completed in 41250ms tried 22 mutations with answers:
ann([unfold,unfold,unfold,unfold,unfold,unfold,unfold,unfold],[dynamic,dynamic,dynamic,dynamic,dynamic,dynamic,dynamic,dynamic,dynamic,static,dynamic])-bench(230,1000000,2364).
ann([memo,unfold,unfold,unfold,unfold,unfold,unfold,unfold],[dynamic,dynamic,dynamic,dynamic,dynamic,dynamic,dynamic,dynamic,dynamic,static,dynamic])-bench(290,1000000,2516).
ann([unfold,unfold,memo,unfold,unfold,unfold,unfold,unfold],[dynamic,dynamic,dynamic,dynamic,dynamic,dynamic,dynamic,dynamic,dynamic,static,dynamic])-bench(280,1000000,3637).


 Testing index_test with score function time, completed in 22570ms tried 4 mutations with answers:
ann([memo],[nonvar,dynamic,dynamic,dynamic,dynamic])-bench(2730,10000000,1756).
ann([memo],[dynamic,dynamic,dynamic,dynamic,dynamic])-bench(2820,10000000,1753).
ann([unfold],[nonvar,dynamic,dynamic,dynamic,dynamic])-bench(5360,10000000,1675).


 Testing index_test with score function size, completed in 2570ms tried 4 mutations with answers:
ann([unfold],[nonvar,dynamic,dynamic,dynamic,dynamic])-bench(0,0,1675).
ann([memo],[dynamic,dynamic,dynamic,dynamic,dynamic])-bench(0,0,1753).
ann([memo],[nonvar,dynamic,dynamic,dynamic,dynamic])-bench(0,0,1756).


 Testing index_test with score function size_time, completed in 22170ms tried 4 mutations with answers:
ann([memo],[nonvar,dynamic,dynamic,dynamic,dynamic])-bench(2770,10000000,1756).
ann([memo],[dynamic,dynamic,dynamic,dynamic,dynamic])-bench(2780,10000000,1753).
ann([unfold],[nonvar,dynamic,dynamic,dynamic,dynamic])-bench(5240,10000000,1675).


 Testing vanilla with score function time, completed in 142290ms tried 21 mutations with answers:
ann([memo,unfold,unfold,memo,memo],[nonvar,dynamic,nonvar,(type list(nonvar)),dynamic])-bench(260,100000,9092).
ann([memo,unfold,unfold,memo,unfold],[nonvar,dynamic,nonvar,(type list(nonvar)),dynamic])-bench(260,100000,8938).
ann([memo,memo,unfold,memo,memo],[nonvar,dynamic,nonvar,(type list(nonvar)),dynamic])-bench(270,100000,9313).


 Testing vanilla with score function size, completed in 87080ms tried 14 mutations with answers:
ann([memo,unfold,unfold,unfold,unfold],[nonvar,dynamic,nonvar,(type list(nonvar)),dynamic])-bench(0,0,8369).
ann([memo,unfold,unfold,unfold,memo],[nonvar,dynamic,nonvar,(type list(nonvar)),dynamic])-bench(0,0,8523).
ann([memo,memo,unfold,unfold,unfold],[nonvar,dynamic,nonvar,(type list(nonvar)),dynamic])-bench(0,0,8713).


 Testing vanilla with score function size_time, completed in 142790ms tried 21 mutations with answers:
ann([memo,unfold,unfold,memo,unfold],[nonvar,dynamic,nonvar,(type list(nonvar)),dynamic])-bench(260,100000,8938).
ann([memo,unfold,unfold,memo,memo],[nonvar,dynamic,nonvar,(type list(nonvar)),dynamic])-bench(260,100000,9092).
ann([memo,memo,unfold,memo,unfold],[nonvar,dynamic,nonvar,(type list(nonvar)),dynamic])-bench(270,100000,9159).
